0 info it worked if it ends with ok
1 verbose cli [ '/usr/local/Cellar/node/5.5.0/bin/node',
1 verbose cli   '/Users/nathan/.npm-packages/bin/npm',
1 verbose cli   'run',
1 verbose cli   'build' ]
2 info using npm@3.5.3
3 info using node@v5.5.0
4 verbose run-script [ 'prebuild', 'build', 'postbuild' ]
5 info lifecycle nativescript-spotify@1.0.0~prebuild: nativescript-spotify@1.0.0
6 silly lifecycle nativescript-spotify@1.0.0~prebuild: no script for prebuild, continuing
7 info lifecycle nativescript-spotify@1.0.0~build: nativescript-spotify@1.0.0
8 verbose lifecycle nativescript-spotify@1.0.0~build: unsafe-perm in lifecycle true
9 verbose lifecycle nativescript-spotify@1.0.0~build: PATH: /Users/nathan/.npm-packages/lib/node_modules/npm/bin/node-gyp-bin:/Users/nathan/Documents/github/NathanWalker/nativescript-spotify/node_modules/.bin:/usr/local/bin:/Users/nathan/Documents/github/nativescript-stuff/nativescript-cardview/node_modules/.bin:/usr/local/Cellar/node/5.5.0/bin:/Users/nathan/.npm-packages/bin:/usr/local/bin:/usr/bin:/bin:/usr/sbin:/sbin:/opt/X11/bin:/Applications/Genymotion\ Shell.app/Contents/MacOS/:/Applications/Genymotion.app/Contents/MacOS/:/usr/local/Cellar/android-sdk/24.4.1_1:/usr/local/Cellar/android-sdk/24.4.1_1/platform-tools:/usr/local/Cellar/android-sdk/24.4.1_1/tools
10 verbose lifecycle nativescript-spotify@1.0.0~build: CWD: /Users/nathan/Documents/github/NathanWalker/nativescript-spotify
11 silly lifecycle nativescript-spotify@1.0.0~build: Args: [ '-c', 'tsc spotify.ios.ts' ]
12 silly lifecycle nativescript-spotify@1.0.0~build: Returned: code: 2  signal: null
13 info lifecycle nativescript-spotify@1.0.0~build: Failed to exec build script
14 verbose stack Error: nativescript-spotify@1.0.0 build: `tsc spotify.ios.ts`
14 verbose stack Exit status 2
14 verbose stack     at EventEmitter.<anonymous> (/Users/nathan/.npm-packages/lib/node_modules/npm/lib/utils/lifecycle.js:232:16)
14 verbose stack     at emitTwo (events.js:100:13)
14 verbose stack     at EventEmitter.emit (events.js:185:7)
14 verbose stack     at ChildProcess.<anonymous> (/Users/nathan/.npm-packages/lib/node_modules/npm/lib/utils/spawn.js:24:14)
14 verbose stack     at emitTwo (events.js:100:13)
14 verbose stack     at ChildProcess.emit (events.js:185:7)
14 verbose stack     at maybeClose (internal/child_process.js:821:16)
14 verbose stack     at Process.ChildProcess._handle.onexit (internal/child_process.js:211:5)
15 verbose pkgid nativescript-spotify@1.0.0
16 verbose cwd /Users/nathan/Documents/github/NathanWalker/nativescript-spotify
17 error Darwin 15.3.0
18 error argv "/usr/local/Cellar/node/5.5.0/bin/node" "/Users/nathan/.npm-packages/bin/npm" "run" "build"
19 error node v5.5.0
20 error npm  v3.5.3
21 error code ELIFECYCLE
22 error nativescript-spotify@1.0.0 build: `tsc spotify.ios.ts`
22 error Exit status 2
23 error Failed at the nativescript-spotify@1.0.0 build script 'tsc spotify.ios.ts'.
23 error Make sure you have the latest version of node.js and npm installed.
23 error If you do, this is most likely a problem with the nativescript-spotify package,
23 error not with npm itself.
23 error Tell the author that this fails on your system:
23 error     tsc spotify.ios.ts
23 error You can get information on how to open an issue for this project with:
23 error     npm bugs nativescript-spotify
23 error Or if that isn't available, you can get their info via:
23 error     npm owner ls nativescript-spotify
23 error There is likely additional logging output above.
24 verbose exit [ 1, true ]
